<?xml version="1.0" encoding="UTF-8"?>
<coverage generated="1690868641419" clover="3.2.0">
  <project timestamp="1690868641419" name="All files">
    <metrics statements="35" coveredstatements="33" conditionals="10" coveredconditionals="1" methods="6" coveredmethods="6" elements="51" coveredelements="40" complexity="0" loc="35" ncloc="35" packages="2" files="2" classes="2"/>
    <package name="src">
      <metrics statements="18" coveredstatements="16" conditionals="1" coveredconditionals="1" methods="4" coveredmethods="4"/>
      <file name="index.ts" path="/Users/atheartengineer/workspace/Discreetly/idcNullifier/src/index.ts">
        <metrics statements="18" coveredstatements="16" conditionals="1" coveredconditionals="1" methods="4" coveredmethods="4"/>
        <line num="1" count="1" type="stmt"/>
        <line num="3" count="1" type="stmt"/>
        <line num="8" count="1" type="stmt"/>
        <line num="10" count="1" type="stmt"/>
        <line num="11" count="1" type="stmt"/>
        <line num="23" count="1" type="stmt"/>
        <line num="27" count="1" type="stmt"/>
        <line num="33" count="1" type="stmt"/>
        <line num="41" count="1" type="stmt"/>
        <line num="48" count="1" type="stmt"/>
        <line num="49" count="1" type="stmt"/>
        <line num="58" count="1" type="stmt"/>
        <line num="62" count="1" type="stmt"/>
        <line num="66" count="1" type="stmt"/>
        <line num="67" count="1" type="cond" truecount="1" falsecount="0"/>
        <line num="68" count="1" type="stmt"/>
        <line num="74" count="0" type="stmt"/>
        <line num="75" count="0" type="stmt"/>
      </file>
    </package>
    <package name="tests">
      <metrics statements="17" coveredstatements="17" conditionals="9" coveredconditionals="0" methods="2" coveredmethods="2"/>
      <file name="configs.ts" path="/Users/atheartengineer/workspace/Discreetly/idcNullifier/tests/configs.ts">
        <metrics statements="17" coveredstatements="17" conditionals="9" coveredconditionals="0" methods="2" coveredmethods="2"/>
        <line num="1" count="1" type="stmt"/>
        <line num="2" count="1" type="stmt"/>
        <line num="5" count="1" type="stmt"/>
        <line num="8" count="1" type="stmt"/>
        <line num="10" count="1" type="cond" truecount="0" falsecount="1"/>
        <line num="11" count="1" type="cond" truecount="0" falsecount="1"/>
        <line num="12" count="1" type="cond" truecount="0" falsecount="1"/>
        <line num="13" count="1" type="cond" truecount="0" falsecount="1"/>
        <line num="14" count="1" type="cond" truecount="0" falsecount="1"/>
        <line num="15" count="1" type="cond" truecount="0" falsecount="1"/>
        <line num="16" count="1" type="cond" truecount="0" falsecount="1"/>
        <line num="17" count="1" type="cond" truecount="0" falsecount="1"/>
        <line num="18" count="1" type="cond" truecount="0" falsecount="1"/>
        <line num="19" count="1" type="stmt"/>
        <line num="23" count="1" type="stmt"/>
        <line num="24" count="1" type="stmt"/>
        <line num="31" count="1" type="stmt"/>
      </file>
    </package>
  </project>
</coverage>
