{"/Users/atheartengineer/workspace/Discreetly/idcNullifier/src/index.ts": {"path":"/Users/atheartengineer/workspace/Discreetly/idcNullifier/src/index.ts","statementMap":{"0":{"start":{"line":1,"column":0},"end":{"line":1,"column":34}},"1":{"start":{"line":3,"column":0},"end":{"line":3,"column":37}},"2":{"start":{"line":10,"column":13},"end":{"line":10,"column":46}},"3":{"start":{"line":11,"column":13},"end":{"line":11,"column":47}},"4":{"start":{"line":23,"column":29},"end":{"line":26,"column":6}},"5":{"start":{"line":27,"column":37},"end":{"line":31,"column":null}},"6":{"start":{"line":33,"column":35},"end":{"line":40,"column":6}},"7":{"start":{"line":41,"column":4},"end":{"line":41,"column":22}},"8":{"start":{"line":8,"column":0},"end":{"line":8,"column":13}},"9":{"start":{"line":49,"column":23},"end":{"line":49,"column":55}},"10":{"start":{"line":58,"column":34},"end":{"line":61,"column":6}},"11":{"start":{"line":62,"column":35},"end":{"line":65,"column":6}},"12":{"start":{"line":66,"column":32},"end":{"line":66,"column":70}},"13":{"start":{"line":67,"column":4},"end":{"line":72,"column":null}},"14":{"start":{"line":68,"column":6},"end":{"line":71,"column":8}},"15":{"start":{"line":74,"column":37},"end":{"line":74,"column":47}},"16":{"start":{"line":75,"column":4},"end":{"line":83,"column":6}},"17":{"start":{"line":48,"column":0},"end":{"line":48,"column":13}}},"fnMap":{"0":{"name":"(anonymous_1)","decl":{"start":{"line":9,"column":2},"end":{"line":9,"column":null}},"loc":{"start":{"line":11,"column":47},"end":{"line":12,"column":6}}},"1":{"name":"(anonymous_2)","decl":{"start":{"line":19,"column":9},"end":{"line":19,"column":14}},"loc":{"start":{"line":22,"column":3},"end":{"line":42,"column":3}}},"2":{"name":"(anonymous_3)","decl":{"start":{"line":49,"column":2},"end":{"line":49,"column":23}},"loc":{"start":{"line":49,"column":55},"end":{"line":49,"column":59}}},"3":{"name":"(anonymous_4)","decl":{"start":{"line":57,"column":9},"end":{"line":57,"column":14}},"loc":{"start":{"line":57,"column":49},"end":{"line":84,"column":3}}}},"branchMap":{"0":{"loc":{"start":{"line":67,"column":4},"end":{"line":72,"column":null}},"type":"if","locations":[{"start":{"line":67,"column":4},"end":{"line":72,"column":null}}]}},"s":{"0":1,"1":1,"2":1,"3":1,"4":1,"5":1,"6":1,"7":1,"8":1,"9":1,"10":1,"11":1,"12":1,"13":1,"14":1,"15":0,"16":0,"17":1},"f":{"0":1,"1":1,"2":1,"3":1},"b":{"0":[1]}}
,"/Users/atheartengineer/workspace/Discreetly/idcNullifier/tests/configs.ts": {"path":"/Users/atheartengineer/workspace/Discreetly/idcNullifier/tests/configs.ts","statementMap":{"0":{"start":{"line":1,"column":0},"end":{"line":1,"column":25}},"1":{"start":{"line":2,"column":0},"end":{"line":2,"column":29}},"2":{"start":{"line":5,"column":24},"end":{"line":5,"column":33}},"3":{"start":{"line":8,"column":12},"end":{"line":8,"column":28}},"4":{"start":{"line":10,"column":2},"end":{"line":10,"column":71}},"5":{"start":{"line":10,"column":19},"end":{"line":10,"column":71}},"6":{"start":{"line":11,"column":2},"end":{"line":11,"column":65}},"7":{"start":{"line":11,"column":16},"end":{"line":11,"column":65}},"8":{"start":{"line":12,"column":2},"end":{"line":12,"column":69}},"9":{"start":{"line":12,"column":18},"end":{"line":12,"column":69}},"10":{"start":{"line":13,"column":2},"end":{"line":13,"column":75}},"11":{"start":{"line":13,"column":21},"end":{"line":13,"column":75}},"12":{"start":{"line":14,"column":2},"end":{"line":14,"column":73}},"13":{"start":{"line":14,"column":20},"end":{"line":14,"column":73}},"14":{"start":{"line":15,"column":2},"end":{"line":15,"column":75}},"15":{"start":{"line":15,"column":21},"end":{"line":15,"column":75}},"16":{"start":{"line":16,"column":2},"end":{"line":16,"column":75}},"17":{"start":{"line":16,"column":21},"end":{"line":16,"column":75}},"18":{"start":{"line":17,"column":2},"end":{"line":17,"column":85}},"19":{"start":{"line":17,"column":26},"end":{"line":17,"column":85}},"20":{"start":{"line":18,"column":2},"end":{"line":18,"column":59}},"21":{"start":{"line":18,"column":13},"end":{"line":18,"column":59}},"22":{"start":{"line":19,"column":2},"end":{"line":19,"column":11}},"23":{"start":{"line":23,"column":30},"end":{"line":23,"column":75}},"24":{"start":{"line":24,"column":2},"end":{"line":28,"column":4}},"25":{"start":{"line":31,"column":13},"end":{"line":31,"column":99}}},"fnMap":{"0":{"name":"parseVerificationKeyJSON","decl":{"start":{"line":7,"column":9},"end":{"line":7,"column":33}},"loc":{"start":{"line":7,"column":46},"end":{"line":20,"column":1}}},"1":{"name":"getParamsPath","decl":{"start":{"line":22,"column":9},"end":{"line":22,"column":22}},"loc":{"start":{"line":22,"column":40},"end":{"line":29,"column":1}}}},"branchMap":{"0":{"loc":{"start":{"line":10,"column":2},"end":{"line":10,"column":71}},"type":"if","locations":[{"start":{"line":10,"column":2},"end":{"line":10,"column":71}}]},"1":{"loc":{"start":{"line":11,"column":2},"end":{"line":11,"column":65}},"type":"if","locations":[{"start":{"line":11,"column":2},"end":{"line":11,"column":65}}]},"2":{"loc":{"start":{"line":12,"column":2},"end":{"line":12,"column":69}},"type":"if","locations":[{"start":{"line":12,"column":2},"end":{"line":12,"column":69}}]},"3":{"loc":{"start":{"line":13,"column":2},"end":{"line":13,"column":75}},"type":"if","locations":[{"start":{"line":13,"column":2},"end":{"line":13,"column":75}}]},"4":{"loc":{"start":{"line":14,"column":2},"end":{"line":14,"column":73}},"type":"if","locations":[{"start":{"line":14,"column":2},"end":{"line":14,"column":73}}]},"5":{"loc":{"start":{"line":15,"column":2},"end":{"line":15,"column":75}},"type":"if","locations":[{"start":{"line":15,"column":2},"end":{"line":15,"column":75}}]},"6":{"loc":{"start":{"line":16,"column":2},"end":{"line":16,"column":75}},"type":"if","locations":[{"start":{"line":16,"column":2},"end":{"line":16,"column":75}}]},"7":{"loc":{"start":{"line":17,"column":2},"end":{"line":17,"column":85}},"type":"if","locations":[{"start":{"line":17,"column":2},"end":{"line":17,"column":85}}]},"8":{"loc":{"start":{"line":18,"column":2},"end":{"line":18,"column":59}},"type":"if","locations":[{"start":{"line":18,"column":2},"end":{"line":18,"column":59}}]}},"s":{"0":1,"1":1,"2":1,"3":1,"4":1,"5":0,"6":1,"7":0,"8":1,"9":0,"10":1,"11":0,"12":1,"13":0,"14":1,"15":0,"16":1,"17":0,"18":1,"19":0,"20":1,"21":0,"22":1,"23":1,"24":1,"25":1},"f":{"0":1,"1":1},"b":{"0":[0],"1":[0],"2":[0],"3":[0],"4":[0],"5":[0],"6":[0],"7":[0],"8":[0]}}
}
