TN:
SF:src/index.ts
FN:9,(anonymous_1)
FN:19,(anonymous_2)
FN:49,(anonymous_3)
FN:57,(anonymous_4)
FNF:4
FNH:4
FNDA:1,(anonymous_1)
FNDA:1,(anonymous_2)
FNDA:1,(anonymous_3)
FNDA:1,(anonymous_4)
DA:1,1
DA:3,1
DA:8,1
DA:10,1
DA:11,1
DA:23,1
DA:27,1
DA:33,1
DA:41,1
DA:48,1
DA:49,1
DA:58,1
DA:62,1
DA:66,1
DA:67,1
DA:68,1
DA:74,0
DA:75,0
LF:18
LH:16
BRDA:67,0,0,1
BRF:1
BRH:1
end_of_record
TN:
SF:tests/configs.ts
FN:7,parseVerificationKeyJSON
FN:22,getParamsPath
FNF:2
FNH:2
FNDA:1,parseVerificationKeyJSON
FNDA:1,getParamsPath
DA:1,1
DA:2,1
DA:5,1
DA:8,1
DA:10,1
DA:11,1
DA:12,1
DA:13,1
DA:14,1
DA:15,1
DA:16,1
DA:17,1
DA:18,1
DA:19,1
DA:23,1
DA:24,1
DA:31,1
LF:17
LH:17
BRDA:10,0,0,0
BRDA:11,1,0,0
BRDA:12,2,0,0
BRDA:13,3,0,0
BRDA:14,4,0,0
BRDA:15,5,0,0
BRDA:16,6,0,0
BRDA:17,7,0,0
BRDA:18,8,0,0
BRF:9
BRH:0
end_of_record
